<?xml version="1.0" encoding="utf-8" ?>
<words>
  acidic
  admit
  adventurous
  afford
  airplane
  alarm
  amused
  ants
  anxious
  arch
  arithmetic
  aspiring
  attack
  attempt
  attract
  attraction
  aunt
  average
  awesome
  baby
  baseball
  beg
  beginner
  best
  bird
  bomb
  bottle
  branch
  broken
  bump
  busy
  buzz
  cabbage
  calculate
  calculator
  cars
  cart
  cattle
  celery
  cellar
  charming
  cherries
  chew
  children
  chilly
  chubby
  clean
  clear
  clever
  cloistered
  cloth
  clover
  collar
  colorful
  colossal
  comb
  compete
  complete
  consider
  cooing
  cool
  cooperative
  cough
  courageous
  cover
  crack
  crash
  crate
  crawl
  crazy
  creepy
  crooked
  crowd
  crown
  cry
  cub
  cup
  cute
  dad
  dashing
  deep
  deeply
  degree
  delicate
  depend
  depressed
  deserve
  determined
  didactic
  dirt
  dreary
  dress
  dry
  dull
  dust
  earn
  embarrassed
  employ
  end
  equable
  even
  exist
  expect
  experience
  exuberant
  eye
  fanatical
  fast
  feigned
  festive
  field
  file
  flag
  flagrant
  flesh
  flowery
  fluffy
  fog
  forgetful
  fowl
  frame
  fretful
  fry
  full
  gainful
  gaudy
  general
  gigantic
  glow
  government
  grandfather
  grandmother
  grate
  groan
  groovy
  gruesome
  guide
  guitar
  hand
  hands
  hapless
  hard
  hard-to-find
  harmonious
  hat
  heady
  heal
  heartbreaking
  hellish
  hesitant
  hollow
  honey
  horn
  horrible
  hose
  hospitable
  hurried
  hurry
  husky
  hydrant
  ice
  icky
  icy
  idiotic
  imaginary
  industry
  infamous
  internal
  invite
  irritate
  jagged
  jam
  jar
  joyous
  judge
  kick
  kindhearted
  kiss
  kitty
  known
  lackadaisical
  ladybug
  land
  language
  laugh
  lazy
  lean
  letters
  level
  lewd
  lip
  load
  loving
  lumpy
  lying
  lyrical
  madly
  magenta
  malicious
  mammoth
  man
  mark
  marry
  mask
  matter
  men
  milk
  mindless
  mine
  minor
  moan
  moldy
  mother
  muddle
  mushy
  mute
  mysterious
  neck
  needy
  nest
  nod
  normal
  notice
  noxious
  number
  numberless
  nut
  object
  obscene
  obsequious
  oil
  order
  paddle
  pale
  pass
  pathetic
  payment
  pen
  perform
  pizzas
  place
  play
  point
  popcorn
  powder
  practise
  pricey
  protect
  proud
  pumped
  purring
  push
  quirky
  radiate
  ragged
  railway
  rambunctious
  realise
  red
  reduce
  refuse
  regret
  relation
  relieved
  remain
  request
  rescue
  resolute
  rhetorical
  righteous
  ring
  road
  rob
  robust
  roomy
  rotten
  sand
  save
  scare
  scent
  scientific
  scribble
  secretary
  settle
  shallow
  shocking
  shrug
  sin
  sink
  ski
  slap
  sleet
  slimy
  smiling
  smooth
  snail
  snow
  solid
  son
  soothe
  sophisticated
  soup
  spade
  spark
  spoon
  spot
  spotted
  spotty
  squealing
  stain
  stamp
  start
  station
  steadfast
  stingy
  stomach
  store
  strange
  strap
  straw
  string
  sturdy
  subsequent
  succeed
  suck
  sudden
  support
  surprise
  sweater
  swim
  taboo
  tame
  tart
  tasteful
  tasteless
  tawdry
  teeny
  teeny-tiny
  tense
  theory
  thick
  things
  thirsty
  thoughtless
  time
  tired
  title
  toy
  trace
  trade
  trees
  trick
  trite
  turn
  twist
  type
  uncle
  unequaled
  unique
  unpack
  unruly
  unsightly
  untidy
  use
  vacation
  van
  vanish
  vein
  view
  visitor
  vulgar
  waggish
  warm
  wary
  waste
  wasteful
  watery
  wax
  well-groomed
  whip
  wholesale
  wise
  wobble
  woebegone
  women
  worm
  worry
  worthless
  wrathful
  wriggle
  year
  yellow
  youthful
  zoo
</words>
